<?xml version="1.0" encoding="UTF-8"?>
<!-- Generated by org.testng.reporters.JUnitXMLReporter -->
<testsuite hostname="AANURADS-IN" ignored="0" name="flightbookingproject Test" tests="2" failures="0" timestamp="13 Sep 2020 11:19:20 GMT" time="43.906" errors="0">
  <testcase name="bookFlight" time="4.334" classname="com.flightbooking.testcases.TC_BookFlight_001"/>
  <testcase name="verifyFlightDetails" time="1.659" classname="com.flightbooking.testcases.TC_VerifyFlightDetails_002"/>
</testsuite> <!-- flightbookingproject Test -->
