<?xml version="1.0" encoding="UTF-8"?>
<testng-results skipped="0" failed="0" ignored="0" total="2" passed="2">
  <reporter-output>
  </reporter-output>
  <suite name="flightbookingproject" duration-ms="43906" started-at="2020-09-13T11:18:36Z" finished-at="2020-09-13T11:19:20Z">
    <groups>
    </groups>
    <test name="flightbookingproject Test" duration-ms="43906" started-at="2020-09-13T11:18:36Z" finished-at="2020-09-13T11:19:20Z">
      <class name="com.flightbooking.testcases.TC_BookFlight_001">
        <test-method status="PASS" signature="setup(java.lang.String)[pri:0, instance:com.flightbooking.testcases.TC_BookFlight_001@31ef45e3]" name="setup" is-config="true" duration-ms="15270" started-at="2020-09-13T11:18:36Z" finished-at="2020-09-13T11:18:51Z">
          <params>
            <param index="0">
              <value>
                <![CDATA[chrome]]>
              </value>
            </param>
          </params>
          <reporter-output>
          </reporter-output>
        </test-method> <!-- setup -->
        <test-method status="PASS" signature="bookFlight()[pri:0, instance:com.flightbooking.testcases.TC_BookFlight_001@31ef45e3]" name="bookFlight" duration-ms="4334" started-at="2020-09-13T11:18:51Z" finished-at="2020-09-13T11:18:56Z">
          <reporter-output>
          </reporter-output>
        </test-method> <!-- bookFlight -->
        <test-method status="PASS" signature="tearDown()[pri:0, instance:com.flightbooking.testcases.TC_BookFlight_001@31ef45e3]" name="tearDown" is-config="true" duration-ms="1993" started-at="2020-09-13T11:18:56Z" finished-at="2020-09-13T11:18:58Z">
          <reporter-output>
          </reporter-output>
        </test-method> <!-- tearDown -->
      </class> <!-- com.flightbooking.testcases.TC_BookFlight_001 -->
      <class name="com.flightbooking.testcases.TC_VerifyFlightDetails_002">
        <test-method status="PASS" signature="setup(java.lang.String)[pri:0, instance:com.flightbooking.testcases.TC_VerifyFlightDetails_002@598067a5]" name="setup" is-config="true" duration-ms="19531" started-at="2020-09-13T11:18:58Z" finished-at="2020-09-13T11:19:17Z">
          <params>
            <param index="0">
              <value>
                <![CDATA[chrome]]>
              </value>
            </param>
          </params>
          <reporter-output>
          </reporter-output>
        </test-method> <!-- setup -->
        <test-method status="PASS" signature="verifyFlightDetails()[pri:0, instance:com.flightbooking.testcases.TC_VerifyFlightDetails_002@598067a5]" name="verifyFlightDetails" duration-ms="1659" started-at="2020-09-13T11:19:17Z" finished-at="2020-09-13T11:19:19Z">
          <reporter-output>
          </reporter-output>
        </test-method> <!-- verifyFlightDetails -->
        <test-method status="PASS" signature="tearDown()[pri:0, instance:com.flightbooking.testcases.TC_VerifyFlightDetails_002@598067a5]" name="tearDown" is-config="true" duration-ms="1080" started-at="2020-09-13T11:19:19Z" finished-at="2020-09-13T11:19:20Z">
          <reporter-output>
          </reporter-output>
        </test-method> <!-- tearDown -->
      </class> <!-- com.flightbooking.testcases.TC_VerifyFlightDetails_002 -->
    </test> <!-- flightbookingproject Test -->
  </suite> <!-- flightbookingproject -->
</testng-results>
